INFO:werkzeug:[31m[1mWARNING: This is a development server. Do not use it in a production deployment. Use a production WSGI server instead.[0m
 * Running on http://192.168.127.181:80
INFO:werkzeug:[33mPress CTRL+C to quit[0m
ERROR:web:Exception on / [GET]
Traceback (most recent call last):
  File "/usr/lib/python3/dist-packages/flask/app.py", line 2525, in wsgi_app
    response = self.full_dispatch_request()
  File "/usr/lib/python3/dist-packages/flask/app.py", line 1822, in full_dispatch_request
    rv = self.handle_user_exception(e)
  File "/usr/lib/python3/dist-packages/flask/app.py", line 1820, in full_dispatch_request
    rv = self.dispatch_request()
  File "/usr/lib/python3/dist-packages/flask/app.py", line 1796, in dispatch_request
    return self.ensure_sync(self.view_functions[rule.endpoint])(**view_args)
  File "/home/thoufee/Desktop/Finalyearproject/project/scripts/web.py", line 36, in index
    return render_template('index.html')
  File "/usr/lib/python3/dist-packages/flask/templating.py", line 146, in render_template
    template = app.jinja_env.get_or_select_template(template_name_or_list)
  File "/usr/lib/python3/dist-packages/jinja2/environment.py", line 1068, in get_or_select_template
    return self.get_template(template_name_or_list, parent, globals)
  File "/usr/lib/python3/dist-packages/jinja2/environment.py", line 997, in get_template
    return self._load_template(name, globals)
  File "/usr/lib/python3/dist-packages/jinja2/environment.py", line 958, in _load_template
    template = self.loader.load(self, name, self.make_globals(globals))
  File "/usr/lib/python3/dist-packages/jinja2/loaders.py", line 125, in load
    source, filename, uptodate = self.get_source(environment, name)
  File "/usr/lib/python3/dist-packages/flask/templating.py", line 62, in get_source
    return self._get_source_fast(environment, template)
  File "/usr/lib/python3/dist-packages/flask/templating.py", line 98, in _get_source_fast
    raise TemplateNotFound(template)
jinja2.exceptions.TemplateNotFound: index.html
INFO:werkzeug:192.168.127.181 - - [22/Jan/2023 15:40:18] "[35m[1mGET / HTTP/1.1[0m" 500 -
INFO:werkzeug:192.168.127.181 - - [22/Jan/2023 15:40:19] "[33mGET /favicon.ico HTTP/1.1[0m" 404 -
INFO:werkzeug:[31m[1mWARNING: This is a development server. Do not use it in a production deployment. Use a production WSGI server instead.[0m
 * Running on http://192.168.127.181:80
INFO:werkzeug:[33mPress CTRL+C to quit[0m
ERROR:web:Exception on / [GET]
Traceback (most recent call last):
  File "/usr/lib/python3/dist-packages/flask/app.py", line 2525, in wsgi_app
    response = self.full_dispatch_request()
  File "/usr/lib/python3/dist-packages/flask/app.py", line 1822, in full_dispatch_request
    rv = self.handle_user_exception(e)
  File "/usr/lib/python3/dist-packages/flask/app.py", line 1820, in full_dispatch_request
    rv = self.dispatch_request()
  File "/usr/lib/python3/dist-packages/flask/app.py", line 1796, in dispatch_request
    return self.ensure_sync(self.view_functions[rule.endpoint])(**view_args)
  File "/home/thoufee/Desktop/Finalyearproject/project/scripts/web.py", line 36, in index
    return render_template('index.html')
  File "/usr/lib/python3/dist-packages/flask/templating.py", line 146, in render_template
    template = app.jinja_env.get_or_select_template(template_name_or_list)
  File "/usr/lib/python3/dist-packages/jinja2/environment.py", line 1068, in get_or_select_template
    return self.get_template(template_name_or_list, parent, globals)
  File "/usr/lib/python3/dist-packages/jinja2/environment.py", line 997, in get_template
    return self._load_template(name, globals)
  File "/usr/lib/python3/dist-packages/jinja2/environment.py", line 958, in _load_template
    template = self.loader.load(self, name, self.make_globals(globals))
  File "/usr/lib/python3/dist-packages/jinja2/loaders.py", line 125, in load
    source, filename, uptodate = self.get_source(environment, name)
  File "/usr/lib/python3/dist-packages/flask/templating.py", line 62, in get_source
    return self._get_source_fast(environment, template)
  File "/usr/lib/python3/dist-packages/flask/templating.py", line 98, in _get_source_fast
    raise TemplateNotFound(template)
jinja2.exceptions.TemplateNotFound: index.html
INFO:werkzeug:192.168.127.181 - - [22/Jan/2023 15:42:17] "[35m[1mGET / HTTP/1.1[0m" 500 -
ERROR:web:Exception on / [GET]
Traceback (most recent call last):
  File "/usr/lib/python3/dist-packages/flask/app.py", line 2525, in wsgi_app
    response = self.full_dispatch_request()
  File "/usr/lib/python3/dist-packages/flask/app.py", line 1822, in full_dispatch_request
    rv = self.handle_user_exception(e)
  File "/usr/lib/python3/dist-packages/flask/app.py", line 1820, in full_dispatch_request
    rv = self.dispatch_request()
  File "/usr/lib/python3/dist-packages/flask/app.py", line 1796, in dispatch_request
    return self.ensure_sync(self.view_functions[rule.endpoint])(**view_args)
  File "/home/thoufee/Desktop/Finalyearproject/project/scripts/web.py", line 36, in index
    return render_template('index.html')
  File "/usr/lib/python3/dist-packages/flask/templating.py", line 146, in render_template
    template = app.jinja_env.get_or_select_template(template_name_or_list)
  File "/usr/lib/python3/dist-packages/jinja2/environment.py", line 1068, in get_or_select_template
    return self.get_template(template_name_or_list, parent, globals)
  File "/usr/lib/python3/dist-packages/jinja2/environment.py", line 997, in get_template
    return self._load_template(name, globals)
  File "/usr/lib/python3/dist-packages/jinja2/environment.py", line 958, in _load_template
    template = self.loader.load(self, name, self.make_globals(globals))
  File "/usr/lib/python3/dist-packages/jinja2/loaders.py", line 125, in load
    source, filename, uptodate = self.get_source(environment, name)
  File "/usr/lib/python3/dist-packages/flask/templating.py", line 62, in get_source
    return self._get_source_fast(environment, template)
  File "/usr/lib/python3/dist-packages/flask/templating.py", line 98, in _get_source_fast
    raise TemplateNotFound(template)
jinja2.exceptions.TemplateNotFound: index.html
INFO:werkzeug:192.168.127.181 - - [22/Jan/2023 15:42:18] "[35m[1mGET / HTTP/1.1[0m" 500 -
INFO:werkzeug:[31m[1mWARNING: This is a development server. Do not use it in a production deployment. Use a production WSGI server instead.[0m
 * Running on http://192.168.127.181:80
INFO:werkzeug:[33mPress CTRL+C to quit[0m
INFO:werkzeug:192.168.127.181 - - [22/Jan/2023 15:45:19] "GET / HTTP/1.1" 200 -
INFO:werkzeug:[31m[1mWARNING: This is a development server. Do not use it in a production deployment. Use a production WSGI server instead.[0m
 * Running on http://192.168.127.181:80
INFO:werkzeug:[33mPress CTRL+C to quit[0m
INFO:werkzeug:192.168.127.181 - - [22/Jan/2023 15:47:09] "GET /login HTTP/1.1" 200 -
WARNING:root:Username: admin, Password: password
INFO:werkzeug:192.168.127.181 - - [22/Jan/2023 15:47:19] "[32mPOST /login HTTP/1.1[0m" 302 -
INFO:werkzeug:192.168.127.181 - - [22/Jan/2023 15:47:19] "GET /confidential HTTP/1.1" 200 -
